#
# There is insufficient memory for the Java Runtime Environment to continue.
# Native memory allocation (mmap) failed to map 130023424 bytes for G1 virtual space
# Possible reasons:
#   The system is out of physical RAM or swap space
#   The process is running with CompressedOops enabled, and the Java Heap may be blocking the growth of the native heap
# Possible solutions:
#   Reduce memory load on the system
#   Increase physical memory or swap space
#   Check if swap backing store is full
#   Decrease Java heap size (-Xmx/-Xms)
#   Decrease number of Java threads
#   Decrease Java thread stack sizes (-Xss)
#   Set larger code cache with -XX:ReservedCodeCacheSize=
#   JVM is running with Unscaled Compressed Oops mode in which the Java heap is
#     placed in the first 4GB address space. The Java Heap base address is the
#     maximum limit for the native heap growth. Please use -XX:HeapBaseMinAddress
#     to set the Java Heap base and to place the Java Heap above 4GB virtual address.
# This output file may be truncated or incomplete.
#
#  Out of Memory Error (os_windows.cpp:3771), pid=22244, tid=29324
#
# JRE version:  (17.0.7+10) (build )
# Java VM: OpenJDK 64-Bit Server VM (17.0.7+10-b829.16, mixed mode, sharing, tiered, compressed oops, compressed class ptrs, g1 gc, windows-amd64)
# No core dump will be written. Minidumps are not enabled by default on client versions of Windows
#

---------------  S U M M A R Y ------------

Command Line: git4idea.http.GitAskPassApp Username for 'https://github.com': 

Host: 12th Gen Intel(R) Core(TM) i5-1240P, 16 cores, 7G,  Windows 11 , 64 bit Build 22621 (10.0.22621.2506)
Time: Wed Jan 10 01:55:52 2024 RTZ 2 (s 11 , 64 bit Build 22621 (10.0.22621.2506) elapsed time: 0.010191 seconds (0d 0h 0m 0s)

---------------  T H R E A D  ---------------

Current thread (0x000002f723eab410):  JavaThread "Unknown thread" [_thread_in_vm, id=29324, stack(0x000000f7b9f00000,0x000000f7ba000000)]

Stack: [0x000000f7b9f00000,0x000000f7ba000000]
Native frames: (J=compiled Java code, j=interpreted, Vv=VM code, C=native code)
V  [jvm.dll+0x683cca]
V  [jvm.dll+0x8424b4]
V  [jvm.dll+0x843cae]
V  [jvm.dll+0x844313]
V  [jvm.dll+0x24ad2f]
V  [jvm.dll+0x680b99]
V  [jvm.dll+0x67526a]
V  [jvm.dll+0x30b3cb]
V  [jvm.dll+0x312876]
V  [jvm.dll+0x36221e]
V  [jvm.dll+0x36244f]
V  [jvm.dll+0x2e14a8]
V  [jvm.dll+0x2e2414]
V  [jvm.dll+0x814441]
V  [jvm.dll+0x36ffe1]
V  [jvm.dll+0x7f3a1c]
V  [jvm.dll+0x3f305f]
V  [jvm.dll+0x3f4b91]
C  [jli.dll+0x528f]
C  [ucrtbase.dll+0x29363]
C  [KERNEL32.DLL+0x1257d]
C  [ntdll.dll+0x5aa58]


---------------  P R O C E S S  ---------------

Threads class SMR info:
_java_thread_list=0x00007ff92311b098, length=0, elements={
}

Java Threads: ( => current thread )

Other Threads:
  0x000002f723f03c40 GCTaskThread "GC Thread#0" [stack: 0x000000f7ba000000,0x000000f7ba100000] [id=28452]
  0x000002f723f15310 ConcurrentGCThread "G1 Main Marker" [stack: 0x000000f7ba100000,0x000000f7ba200000] [id=15392]
  0x000002f723f17d30 ConcurrentGCThread "G1 Conc#0" [stack: 0x000000f7ba200000,0x000000f7ba300000] [id=8108]

[error occurred during error reporting (printing all threads), id 0xc0000005, EXCEPTION_ACCESS_VIOLATION (0xc0000005) at pc=0x00007ff9228d2087]

VM state: not at safepoint (not fully initialized)

VM Mutex/Monitor currently owned by a thread:  ([mutex/lock_event])
[0x000002f723ea68c0] Heap_lock - owner thread: 0x000002f723eab410

Heap address: 0x0000000084400000, size: 1980 MB, Compressed Oops mode: 32-bit

CDS archive(s) mapped at: [0x0000000000000000-0x0000000000000000-0x0000000000000000), size 0, SharedBaseAddress: 0x0000000800000000, ArchiveRelocationMode: 0.
Narrow klass base: 0x0000000000000000, Narrow klass shift: 0, Narrow klass range: 0x0

GC Precious Log:
<Empty>

Heap:
 garbage-first heap   total 0K, used 0K [0x0000000084400000, 0x0000000100000000)
  region size 1024K, 0 young (0K), 0 survivors (0K)

[error occurred during error reporting (printing heap information), id 0xc0000005, EXCEPTION_ACCESS_VIOLATION (0xc0000005) at pc=0x00007ff922cbdf59]

GC Heap History (0 events):
No events

Dll operation events (1 events):
Event: 0.007 Loaded shared library C:\Program Files\JetBrains\PyCharm 2023.1.3\jbr\bin\java.dll

Deoptimization events (0 events):
No events

Classes unloaded (0 events):
No events

Classes redefined (0 events):
No events

Internal exceptions (0 events):
No events

VM Operations (0 events):
No events

Events (0 events):
No events


Dynamic libraries:
0x00007ff6ffb00000 - 0x00007ff6ffb0a000 	C:\Program Files\JetBrains\PyCharm 2023.1.3\jbr\bin\java.exe
0x00007ff98d230000 - 0x00007ff98d447000 	C:\Windows\SYSTEM32\ntdll.dll
0x00007ff98bf40000 - 0x00007ff98c004000 	C:\Windows\System32\KERNEL32.DLL
0x00007ff98a5a0000 - 0x00007ff98a946000 	C:\Windows\System32\KERNELBASE.dll
0x00007ff98a9f0000 - 0x00007ff98ab01000 	C:\Windows\System32\ucrtbase.dll
0x00007ff985040000 - 0x00007ff985057000 	C:\Program Files\JetBrains\PyCharm 2023.1.3\jbr\bin\jli.dll
0x00007ff98ba50000 - 0x00007ff98bbfe000 	C:\Windows\System32\USER32.dll
0x00007ff98a950000 - 0x00007ff98a976000 	C:\Windows\System32\win32u.dll
0x00007ff97c2b0000 - 0x00007ff97c543000 	C:\Windows\WinSxS\amd64_microsoft.windows.common-controls_6595b64144ccf1df_6.0.22621.2506_none_270c5ae97388e100\COMCTL32.dll
0x00007ff98bc00000 - 0x00007ff98bc29000 	C:\Windows\System32\GDI32.dll
0x00007ff973620000 - 0x00007ff97363b000 	C:\Program Files\JetBrains\PyCharm 2023.1.3\jbr\bin\VCRUNTIME140.dll
0x00007ff98cd70000 - 0x00007ff98ce17000 	C:\Windows\System32\msvcrt.dll
0x00007ff98ae60000 - 0x00007ff98af78000 	C:\Windows\System32\gdi32full.dll
0x00007ff98ad40000 - 0x00007ff98adda000 	C:\Windows\System32\msvcp_win.dll
0x00007ff98c110000 - 0x00007ff98c141000 	C:\Windows\System32\IMM32.DLL
0x00007ff9760f0000 - 0x00007ff9760fc000 	C:\Program Files\JetBrains\PyCharm 2023.1.3\jbr\bin\vcruntime140_1.dll
0x00007ff951e50000 - 0x00007ff951edd000 	C:\Program Files\JetBrains\PyCharm 2023.1.3\jbr\bin\msvcp140.dll
0x00007ff9225e0000 - 0x00007ff92324e000 	C:\Program Files\JetBrains\PyCharm 2023.1.3\jbr\bin\server\jvm.dll
0x00007ff98af80000 - 0x00007ff98b031000 	C:\Windows\System32\ADVAPI32.dll
0x00007ff98d140000 - 0x00007ff98d1e5000 	C:\Windows\System32\sechost.dll
0x00007ff98ce20000 - 0x00007ff98cf37000 	C:\Windows\System32\RPCRT4.dll
0x00007ff982550000 - 0x00007ff982559000 	C:\Windows\SYSTEM32\WSOCK32.dll
0x00007ff98ccf0000 - 0x00007ff98cd61000 	C:\Windows\System32\WS2_32.dll
0x00007ff988120000 - 0x00007ff988154000 	C:\Windows\SYSTEM32\WINMM.dll
0x00007ff977170000 - 0x00007ff97717a000 	C:\Windows\SYSTEM32\VERSION.dll
0x00007ff989580000 - 0x00007ff989598000 	C:\Windows\SYSTEM32\kernel.appcore.dll
0x00007ff9863f0000 - 0x00007ff9863fa000 	C:\Program Files\JetBrains\PyCharm 2023.1.3\jbr\bin\jimage.dll
0x00007ff987ee0000 - 0x00007ff988113000 	C:\Windows\SYSTEM32\DBGHELP.DLL
0x00007ff98c830000 - 0x00007ff98cbb9000 	C:\Windows\System32\combase.dll
0x00007ff98be60000 - 0x00007ff98bf37000 	C:\Windows\System32\OLEAUT32.dll
0x00007ff9766d0000 - 0x00007ff976702000 	C:\Windows\SYSTEM32\dbgcore.DLL
0x00007ff98ade0000 - 0x00007ff98ae5a000 	C:\Windows\System32\bcryptPrimitives.dll
0x00007ff9863c0000 - 0x00007ff9863e5000 	C:\Program Files\JetBrains\PyCharm 2023.1.3\jbr\bin\java.dll

dbghelp: loaded successfully - version: 4.0.5 - missing functions: none
symbol engine: initialized successfully - sym options: 0x614 - pdb path: .;C:\Program Files\JetBrains\PyCharm 2023.1.3\jbr\bin;C:\Windows\SYSTEM32;C:\Windows\WinSxS\amd64_microsoft.windows.common-controls_6595b64144ccf1df_6.0.22621.2506_none_270c5ae97388e100;C:\Program Files\JetBrains\PyCharm 2023.1.3\jbr\bin\server

VM Arguments:
java_command: git4idea.http.GitAskPassApp Username for 'https://github.com': 
java_class_path (initial): C:/Program Files/JetBrains/PyCharm 2023.1.3/plugins/vcs-git/lib/git4idea-rt.jar;C:/Program Files/JetBrains/PyCharm 2023.1.3/lib/externalProcess-rt.jar
Launcher Type: SUN_STANDARD

[Global flags]
     intx CICompilerCount                          = 12                                        {product} {ergonomic}
     uint ConcGCThreads                            = 3                                         {product} {ergonomic}
     uint G1ConcRefinementThreads                  = 13                                        {product} {ergonomic}
   size_t G1HeapRegionSize                         = 1048576                                   {product} {ergonomic}
    uintx GCDrainStackTargetSize                   = 64                                        {product} {ergonomic}
   size_t InitialHeapSize                          = 130023424                                 {product} {ergonomic}
   size_t MarkStackSize                            = 4194304                                   {product} {ergonomic}
   size_t MaxHeapSize                              = 2076180480                                {product} {ergonomic}
   size_t MinHeapDeltaBytes                        = 1048576                                   {product} {ergonomic}
   size_t MinHeapSize                              = 8388608                                   {product} {ergonomic}
    uintx NonNMethodCodeHeapSize                   = 7602480                                {pd product} {ergonomic}
    uintx NonProfiledCodeHeapSize                  = 122027880                              {pd product} {ergonomic}
    uintx ProfiledCodeHeapSize                     = 122027880                              {pd product} {ergonomic}
    uintx ReservedCodeCacheSize                    = 251658240                              {pd product} {ergonomic}
     bool SegmentedCodeCache                       = true                                      {product} {ergonomic}
   size_t SoftMaxHeapSize                          = 2076180480                             {manageable} {ergonomic}
     bool UseCompressedClassPointers               = true                           {product lp64_product} {ergonomic}
     bool UseCompressedOops                        = true                           {product lp64_product} {ergonomic}
     bool UseG1GC                                  = true                                      {product} {ergonomic}
     bool UseLargePagesIndividualAllocation        = false                                  {pd product} {ergonomic}

Logging:
Log output configuration:
 #0: stdout all=warning uptime,level,tags
 #1: stderr all=off uptime,level,tags

Environment Variables:
PATH=C:\Program Files\Git\mingw64\libexec\git-core;C:\Program Files\Git\mingw64\libexec\git-core;C:\Program Files\Git\mingw64\bin;C:\Program Files\Git\usr\bin;C:\Users\nadju\bin;C:\Windows\System32\HWAudioDriver;C:\Windows\system32;C:\Windows;C:\Windows\System32\Wbem;C:\Windows\System32\WindowsPowerShell\v1.0;C:\Windows\System32\OpenSSH;C:\Users\Administrator\AppData\Local\Microsoft\WindowsApps;C:\Program Files\Git\cmd;C:\Users\nadju\AppData\Local\Microsoft\WindowsApps;C:\Program Files\JetBrains\PyCharm 2023.1.3\bin;C:\Program Files\JetBrains\IntelliJ IDEA 2023.2.3\bin;C:\utils\dart\dart_3_1_2\bin;C:\utils\flutter\flutter_3_13_5\bin
USERNAME=nadju
DISPLAY=:0.0
LC_ALL=en_US.UTF-8
TERM=xterm-256color
TMPDIR=C:\Users\nadju\AppData\Local\Temp
OS=Windows_NT
PROCESSOR_IDENTIFIER=Intel64 Family 6 Model 154 Stepping 3, GenuineIntel
TMP=C:\Users\nadju\AppData\Local\Temp
TEMP=C:\Users\nadju\AppData\Local\Temp


JNI global refs:

[error occurred during error reporting (JNI global references), id 0xc0000005, EXCEPTION_ACCESS_VIOLATION (0xc0000005) at pc=0x00007ff922697fc0]


---------------  S Y S T E M  ---------------

OS:
 Windows 11 , 64 bit Build 22621 (10.0.22621.2506)
OS uptime: 24 days 9:42 hours
Hyper-V role detected

CPU: total 16 (initial active 16) (8 cores per cpu, 2 threads per core) family 6 model 154 stepping 3 microcode 0x424, cx8, cmov, fxsr, ht, mmx, 3dnowpref, sse, sse2, sse3, ssse3, sse4.1, sse4.2, popcnt, lzcnt, tsc, tscinvbit, avx, avx2, aes, erms, clmul, bmi1, bmi2, adx, sha, fma, vzeroupper, clflush, clflushopt, clwb, hv

Memory: 4k page, system-wide physical 7916M (415M free)
TotalPageFile size 17916M (AvailPageFile size 103M)
current process WorkingSet (physical memory assigned to process): 11M, peak: 11M
current process commit charge ("private bytes"): 70M, peak: 194M

vm_info: OpenJDK 64-Bit Server VM (17.0.7+10-b829.16) for windows-amd64 JRE (17.0.7+10-b829.16), built on 2023-06-02 by "builduser" with MS VC++ 16.10 / 16.11 (VS2019)

END.
